[19-Nov-2020 09:57:14 UTC] PHP Parse error:  syntax error, unexpected ':', expecting ')' in /Users/nulgrace/workspace/phpspreadsheet/test.php on line 7
[19-Nov-2020 10:03:57 UTC] PHP Notice:  Undefined offset: 2 in /Users/nulgrace/workspace/phpspreadsheet/xlsx_create.php on line 47
[19-Nov-2020 10:03:57 UTC] PHP Notice:  Undefined offset: 3 in /Users/nulgrace/workspace/phpspreadsheet/xlsx_create.php on line 48
[19-Nov-2020 10:03:57 UTC] PHP Notice:  Undefined offset: 4 in /Users/nulgrace/workspace/phpspreadsheet/xlsx_create.php on line 47
[19-Nov-2020 10:03:57 UTC] PHP Notice:  Undefined offset: 5 in /Users/nulgrace/workspace/phpspreadsheet/xlsx_create.php on line 48
[19-Nov-2020 10:03:57 UTC] PHP Notice:  Undefined offset: 6 in /Users/nulgrace/workspace/phpspreadsheet/xlsx_create.php on line 47
[19-Nov-2020 10:03:57 UTC] PHP Notice:  Undefined offset: 7 in /Users/nulgrace/workspace/phpspreadsheet/xlsx_create.php on line 48
[19-Nov-2020 10:07:04 UTC] PHP Deprecated:  The behavior of unparenthesized expressions containing both '.' and '+'/'-' will change in PHP 8: '+'/'-' will take a higher precedence in /Users/nulgrace/workspace/phpspreadsheet/xlsx_create.php on line 48
[19-Nov-2020 10:07:05 UTC] PHP Warning:  A non-numeric value encountered in /Users/nulgrace/workspace/phpspreadsheet/xlsx_create.php on line 48
[19-Nov-2020 10:07:05 UTC] PHP Fatal error:  Uncaught PhpOffice\PhpSpreadsheet\Exception: Invalid cell coordinate 1 in /Users/nulgrace/workspace/phpspreadsheet/vendor/phpoffice/phpspreadsheet/src/PhpSpreadsheet/Cell/Coordinate.php:40
Stack trace:
#0 /Users/nulgrace/workspace/phpspreadsheet/vendor/phpoffice/phpspreadsheet/src/PhpSpreadsheet/Worksheet/Worksheet.php(1252): PhpOffice\PhpSpreadsheet\Cell\Coordinate::coordinateFromString('1')
#1 /Users/nulgrace/workspace/phpspreadsheet/vendor/phpoffice/phpspreadsheet/src/PhpSpreadsheet/Worksheet/Worksheet.php(1212): PhpOffice\PhpSpreadsheet\Worksheet\Worksheet->createNewCell('1')
#2 /Users/nulgrace/workspace/phpspreadsheet/vendor/phpoffice/phpspreadsheet/src/PhpSpreadsheet/Worksheet/Worksheet.php(1111): PhpOffice\PhpSpreadsheet\Worksheet\Worksheet->getCell(1)
#3 /Users/nulgrace/workspace/phpspreadsheet/xlsx_create.php(48): PhpOffice\PhpSpreadsheet\Worksheet\Worksheet->setCellValue(1, 'https://kgeopar...')
#4 {main}
  thrown in /Users/nulgrace/workspace/phpspreadsheet/vendor/phpoffice/phpspreadsheet/src/PhpSpreadsheet/Cell/Coordinate.php on line 40
[19-Nov-2020 10:13:39 UTC] PHP Warning:  A non-numeric value encountered in /Users/nulgrace/workspace/phpspreadsheet/xlsx_create.php on line 48
[19-Nov-2020 10:13:39 UTC] PHP Fatal error:  Uncaught PhpOffice\PhpSpreadsheet\Exception: Invalid cell coordinate 11 in /Users/nulgrace/workspace/phpspreadsheet/vendor/phpoffice/phpspreadsheet/src/PhpSpreadsheet/Cell/Coordinate.php:40
Stack trace:
#0 /Users/nulgrace/workspace/phpspreadsheet/vendor/phpoffice/phpspreadsheet/src/PhpSpreadsheet/Worksheet/Worksheet.php(1252): PhpOffice\PhpSpreadsheet\Cell\Coordinate::coordinateFromString('11')
#1 /Users/nulgrace/workspace/phpspreadsheet/vendor/phpoffice/phpspreadsheet/src/PhpSpreadsheet/Worksheet/Worksheet.php(1212): PhpOffice\PhpSpreadsheet\Worksheet\Worksheet->createNewCell('11')
#2 /Users/nulgrace/workspace/phpspreadsheet/vendor/phpoffice/phpspreadsheet/src/PhpSpreadsheet/Worksheet/Worksheet.php(1111): PhpOffice\PhpSpreadsheet\Worksheet\Worksheet->getCell('11')
#3 /Users/nulgrace/workspace/phpspreadsheet/xlsx_create.php(48): PhpOffice\PhpSpreadsheet\Worksheet\Worksheet->setCellValue('11', 'https://kgeopar...')
#4 {main}
  thrown in /Users/nulgrace/workspace/phpspreadsheet/vendor/phpoffice/phpspreadsheet/src/PhpSpreadsheet/Cell/Coordinate.php on line 40
